<?xml version="1.0" encoding="utf-8"?><testsuites name="pytest tests"><testsuite name="pytest" errors="0" failures="0" skipped="0" tests="10" time="2.960" timestamp="2026-08-02T21:33:04.106570+00:00" hostname="agent-env-e7769096-a50f-42ce-8b08-864ada4d0584"><testcase classname="tests.test_schedule_chat.TestSchedule" name="test_default_schedule_returned_when_none_saved" time="0.969" /><testcase classname="tests.test_schedule_chat.TestChat" name="test_send_message_without_auth_401" time="0.701" /><testcase classname="tests.test_schedule_chat.TestChat" name="test_client_sends_message_provider_can_read" time="0.619" /><testcase classname="tests.test_schedule_chat.TestSchedule" name="test_put_schedule_persists_as_provider" time="0.429" /><testcase classname="tests.test_schedule_chat.TestChat" name="test_provider_replies_and_history_contains_both" time="0.086" /><testcase classname="tests.test_schedule_chat.TestChat" name="test_my_chats_returns_thread_with_counterpart" time="0.257" /><testcase classname="tests.test_schedule_chat.TestChat" name="test_my_chats_without_auth_401" time="0.080" /><testcase classname="tests.test_schedule_chat.TestSchedule" name="test_put_schedule_requires_provider_role" time="0.353" /><testcase classname="tests.test_schedule_chat.TestChatWebSocket" name="test_invalid_token_rejected" time="0.156" /><testcase classname="tests.test_schedule_chat.TestChatWebSocket" name="test_valid_token_receives_realtime_message" time="0.733" /></testsuite></testsuites>