<?xml version="1.0" encoding="utf-8"?><testsuites name="pytest tests"><testsuite name="pytest" errors="0" failures="0" skipped="0" tests="20" time="3.009" timestamp="2026-08-02T23:05:36.737376+00:00" hostname="agent-env-e7769096-a50f-42ce-8b08-864ada4d0584"><testcase classname="tests.test_portfolio_verification.TestPortfolio" name="test_patch_objects_first_auto_cover" time="0.750" /><testcase classname="tests.test_portfolio_verification.TestVerification" name="test_status_initial" time="0.792" /><testcase classname="tests.test_portfolio_verification.TestPortfolio" name="test_patch_explicit_cover_flag_only_first_wins" time="0.079" /><testcase classname="tests.test_portfolio_verification.TestVerification" name="test_submit_creates_pending" time="0.042" /><testcase classname="tests.test_portfolio_verification.TestPortfolio" name="test_patch_legacy_strings_normalized" time="0.087" /><testcase classname="tests.test_portfolio_verification.TestVerification" name="test_status_reflects_submission" time="0.040" /><testcase classname="tests.test_portfolio_verification.TestVerification" name="test_delete_document" time="0.081" /><testcase classname="tests.test_portfolio_verification.TestPortfolio" name="test_serialize_user_returns_rich_shape" time="0.079" /><testcase classname="tests.test_portfolio_verification.TestVerification" name="test_413_on_oversized_doc" time="0.147" /><testcase classname="tests.test_portfolio_verification.TestPortfolio" name="test_public_provider_returns_rich_shape" time="0.051" /><testcase classname="tests.test_portfolio_verification.TestPortfolio" name="test_413_on_oversized_url" time="0.186" /><testcase classname="tests.test_portfolio_verification.TestVerification" name="test_admin_pending_forbidden_for_non_admin" time="0.045" /><testcase classname="tests.test_portfolio_verification.TestAdminSeed" name="test_admin_login_ok" time="0.404" /><testcase classname="tests.test_portfolio_verification.TestVerification" name="test_admin_pending_lists_provider" time="0.492" /><testcase classname="tests.test_portfolio_verification.TestVerification" name="test_admin_get_provider_detail" time="0.042" /><testcase classname="tests.test_portfolio_verification.TestVerification" name="test_admin_get_provider_forbidden_for_non_admin" time="0.223" /><testcase classname="tests.test_portfolio_verification.TestVerification" name="test_admin_reject_sets_reason" time="0.086" /><testcase classname="tests.test_portfolio_verification.TestAdminSeed" name="test_admin_me_is_admin" time="0.356" /><testcase classname="tests.test_portfolio_verification.TestVerification" name="test_admin_approve_sets_verified" time="0.129" /><testcase classname="tests.test_portfolio_verification.TestAdminSeed" name="test_provider_me_not_admin" time="0.109" /></testsuite></testsuites>