<?xml version="1.0" encoding="utf-8"?><testsuites name="pytest tests"><testsuite name="pytest" errors="0" failures="0" skipped="0" tests="14" time="1.554" timestamp="2026-08-03T15:38:10.420127+00:00" hostname="agent-env-e7769096-a50f-42ce-8b08-864ada4d0584"><testcase classname="tests.test_iter12_radius_search.TestProvidersNoRadius" name="test_no_coords_returns_all_no_distance" time="0.175" /><testcase classname="tests.test_iter12_radius_search.TestRadiusModeAlgiers" name="test_radius_15km_algiers" time="0.055" /><testcase classname="tests.test_iter12_radius_search.TestRadiusModeAlgiers" name="test_radius_1km_algiers_returns_some" time="0.063" /><testcase classname="tests.test_iter12_radius_search.TestRadiusPlusCategory" name="test_radius_algiers_plumbing" time="0.056" /><testcase classname="tests.test_iter12_radius_search.TestRadiusModeOran" name="test_radius_15km_oran" time="0.060" /><testcase classname="tests.test_iter12_radius_search.TestRadiusValidation" name="test_invalid_lat" time="0.068" /><testcase classname="tests.test_iter12_radius_search.TestRadiusValidation" name="test_negative_radius" time="0.057" /><testcase classname="tests.test_iter12_radius_search.TestRadiusValidation" name="test_radius_too_large" time="0.056" /><testcase classname="tests.test_iter12_radius_search.TestPartialParams" name="test_missing_radius_no_activation" time="0.103" /><testcase classname="tests.test_iter12_radius_search.TestPartialParams" name="test_only_radius_no_activation" time="0.115" /><testcase classname="tests.test_iter12_radius_search.TestProfileLocationUpdate" name="test_patch_and_verify" time="0.548" /><testcase classname="tests.test_iter12_radius_search.TestRegression" name="test_category_filter_unchanged" time="0.048" /><testcase classname="tests.test_iter12_radius_search.TestRegression" name="test_wilaya_filter_unchanged" time="0.048" /><testcase classname="tests.test_iter12_radius_search.TestBackfill" name="test_provider1_has_backfilled_coords" time="0.053" /></testsuite></testsuites>