<?xml version="1.0" encoding="utf-8"?><testsuites name="pytest tests"><testsuite name="pytest" errors="0" failures="0" skipped="0" tests="8" time="1.825" timestamp="2026-08-02T23:33:56.020298+00:00" hostname="agent-env-e7769096-a50f-42ce-8b08-864ada4d0584"><testcase classname="tests.test_refactor_smoke" name="test_root_endpoint" time="0.130" /><testcase classname="tests.test_refactor_smoke" name="test_categories_count_and_split" time="0.093" /><testcase classname="tests.test_refactor_smoke" name="test_wilayas_count" time="0.100" /><testcase classname="tests.test_refactor_smoke" name="test_admin_login" time="0.323" /><testcase classname="tests.test_refactor_smoke" name="test_provider1_login_trial" time="0.322" /><testcase classname="tests.test_refactor_smoke" name="test_providers_list_portfolio_shape" time="0.097" /><testcase classname="tests.test_refactor_smoke" name="test_ws_invalid_token_closes_1008" time="0.208" /><testcase classname="tests.test_refactor_smoke" name="test_ws_valid_token_accepted" time="0.496" /></testsuite></testsuites>