<?xml version="1.0" encoding="utf-8"?><testsuites name="pytest tests"><testsuite name="pytest" errors="0" failures="0" skipped="0" tests="18" time="4.259" timestamp="2026-08-03T15:13:53.099335+00:00" hostname="agent-env-e7769096-a50f-42ce-8b08-864ada4d0584"><testcase classname="tests.test_iter11_new_features.TestPhoneReveal" name="test_own_id_400" time="0.578" /><testcase classname="tests.test_iter11_new_features.TestPhoneReveal" name="test_no_booking_403" time="0.123" /><testcase classname="tests.test_iter11_new_features.TestPhoneReveal" name="test_before_confirm_403" time="0.609" /><testcase classname="tests.test_iter11_new_features.TestPhoneReveal" name="test_after_confirm_reveal_ok_both_ways" time="0.372" /><testcase classname="tests.test_iter11_new_features.TestPhoneReveal" name="test_phone_reveals_row_persisted" time="0.006" /><testcase classname="tests.test_iter11_new_features.TestTwoStepCompletion" name="test_provider_cannot_skip_pending_to_completed" time="0.239" /><testcase classname="tests.test_iter11_new_features.TestTwoStepCompletion" name="test_provider_pending_to_confirmed_ok" time="0.136" /><testcase classname="tests.test_iter11_new_features.TestTwoStepCompletion" name="test_client_completed_before_provider_done_400" time="0.111" /><testcase classname="tests.test_iter11_new_features.TestTwoStepCompletion" name="test_client_setting_confirmed_forbidden" time="0.123" /><testcase classname="tests.test_iter11_new_features.TestTwoStepCompletion" name="test_provider_completed_becomes_awaiting" time="0.116" /><testcase classname="tests.test_iter11_new_features.TestTwoStepCompletion" name="test_client_finalizes_completed" time="0.144" /><testcase classname="tests.test_iter11_new_features.TestAutoFlag" name="test_seed_stale_and_trigger_flag" time="0.459" /><testcase classname="tests.test_iter11_new_features.TestAutoFlag" name="test_admin_flags_lists_provider" time="0.468" /><testcase classname="tests.test_iter11_new_features.TestAutoFlag" name="test_admin_clear_flag" time="0.138" /><testcase classname="tests.test_iter11_new_features.TestAutoFlag" name="test_non_admin_forbidden" time="0.121" /><testcase classname="tests.test_iter11_new_features.TestChargilyWebhook" name="test_missing_signature_400" time="0.117" /><testcase classname="tests.test_iter11_new_features.TestChargilyWebhook" name="test_missing_body_with_bogus_sig_still_400_no_secret" time="0.112" /><testcase classname="tests.test_iter11_new_features.TestSubscriptionPayMockRegression" name="test_mock_pay" time="0.144" /></testsuite></testsuites>