<?xml version="1.0" encoding="utf-8"?><testsuites name="pytest tests"><testsuite name="pytest" errors="0" failures="0" skipped="0" tests="14" time="3.133" timestamp="2026-08-02T21:12:45.647422+00:00" hostname="agent-env-e7769096-a50f-42ce-8b08-864ada4d0584"><testcase classname="tests.test_khedmapro_api" name="test_root_returns_khedmapro" time="0.508" /><testcase classname="tests.test_khedmapro_api" name="test_register_password_too_short_rejected" time="0.050" /><testcase classname="tests.test_khedmapro_api" name="test_register_password_8_chars_ok" time="0.272" /><testcase classname="tests.test_khedmapro_api" name="test_seeded_provider_login_khedmapro_email" time="0.277" /><testcase classname="tests.test_khedmapro_api" name="test_seed_has_12_providers" time="0.048" /><testcase classname="tests.test_khedmapro_api" name="test_providers_public_hides_email_and_phone" time="0.047" /><testcase classname="tests.test_khedmapro_api" name="test_provider_detail_public_hides_email_and_phone" time="0.119" /><testcase classname="tests.test_khedmapro_api" name="test_auth_me_includes_email_and_phone" time="0.321" /><testcase classname="tests.test_khedmapro_api" name="test_providers_have_seeded_reviews" time="0.359" /><testcase classname="tests.test_khedmapro_api" name="test_booking_guest_ok" time="0.099" /><testcase classname="tests.test_khedmapro_api" name="test_booking_guest_missing_name_phone_rejected" time="0.096" /><testcase classname="tests.test_khedmapro_api" name="test_review_without_auth_rejected" time="0.102" /><testcase classname="tests.test_khedmapro_api" name="test_review_direct_provider_id_ok" time="0.413" /><testcase classname="tests.test_khedmapro_api" name="test_review_duplicate_provider_id_returns_409" time="0.096" /></testsuite></testsuites>