<?xml version="1.0" encoding="utf-8"?><testsuites name="pytest tests"><testsuite name="pytest" errors="4" failures="0" skipped="0" tests="36" time="12.413" timestamp="2026-08-02T22:40:31.946670+00:00" hostname="agent-env-e7769096-a50f-42ce-8b08-864ada4d0584"><testcase classname="" name="tests.test_khedmapro_api" time="0.000"><error message="collection failure">backend/tests/test_khedmapro_api.py:9: in &lt;module&gt;
    BASE = os.environ["EXPO_PUBLIC_BACKEND_URL"].rstrip("/")
           ^^^^^^^^^^^^^^^^^^^^^^^^^^^^^^^^^^^^^
&lt;frozen os&gt;:679: in __getitem__
    ???
E   KeyError: 'EXPO_PUBLIC_BACKEND_URL'</error><error message="collection failure">backend/tests/test_khedmapro_api.py:9: in &lt;module&gt;
    BASE = os.environ["EXPO_PUBLIC_BACKEND_URL"].rstrip("/")
           ^^^^^^^^^^^^^^^^^^^^^^^^^^^^^^^^^^^^^
&lt;frozen os&gt;:679: in __getitem__
    ???
E   KeyError: 'EXPO_PUBLIC_BACKEND_URL'</error></testcase><testcase classname="" name="tests.test_schedule_chat" time="0.000"><error message="collection failure">backend/tests/test_schedule_chat.py:10: in &lt;module&gt;
    BASE = os.environ["EXPO_PUBLIC_BACKEND_URL"].rstrip("/")
           ^^^^^^^^^^^^^^^^^^^^^^^^^^^^^^^^^^^^^
&lt;frozen os&gt;:679: in __getitem__
    ???
E   KeyError: 'EXPO_PUBLIC_BACKEND_URL'</error><error message="collection failure">backend/tests/test_schedule_chat.py:10: in &lt;module&gt;
    BASE = os.environ["EXPO_PUBLIC_BACKEND_URL"].rstrip("/")
           ^^^^^^^^^^^^^^^^^^^^^^^^^^^^^^^^^^^^^
&lt;frozen os&gt;:679: in __getitem__
    ???
E   KeyError: 'EXPO_PUBLIC_BACKEND_URL'</error></testcase><testcase classname="tests.test_otp_auth.TestOtpVerify" name="test_wrong_code_returns_401" time="1.736" /><testcase classname="tests.test_account_lifecycle.TestProviderLifecycle" name="test_01_login_provider1" time="0.345" /><testcase classname="tests.test_account_lifecycle.TestProviderLifecycle" name="test_02_subscription_status_trial" time="0.225" /><testcase classname="tests.test_account_lifecycle.TestProviderLifecycle" name="test_03_deactivate_account" time="0.087" /><testcase classname="tests.test_account_lifecycle.TestProviderLifecycle" name="test_04_deactivated_provider_hidden_from_list" time="0.131" /><testcase classname="tests.test_account_lifecycle.TestProviderLifecycle" name="test_05_booking_against_deactivated_provider_410" time="0.097" /><testcase classname="tests.test_account_lifecycle.TestProviderLifecycle" name="test_06_reactivate_account" time="0.182" /><testcase classname="tests.test_account_lifecycle.TestProviderLifecycle" name="test_07_pay_subscription" time="0.092" /><testcase classname="tests.test_account_lifecycle.TestProviderLifecycle" name="test_08_delete_account_blocks_login_and_me" time="0.560" /><testcase classname="tests.test_account_lifecycle.TestProviderLifecycle" name="test_09_deleted_provider_returns_404_on_detail" time="0.350" /><testcase classname="tests.test_otp_auth.TestOtpVerify" name="test_correct_code_new_client_returns_new_user_true" time="1.590" /><testcase classname="tests.test_account_lifecycle.TestProviderLifecycle" name="test_10_restore_provider1_via_mongo" time="0.274" /><testcase classname="tests.test_otp_auth.TestOtpRequestValidation" name="test_short_phone_returns_422" time="0.102" /><testcase classname="tests.test_otp_auth.TestOtpRequestValidation" name="test_non_algerian_returns_400" time="0.102" /><testcase classname="tests.test_otp_auth.TestOtpRequestValidation" name="test_normalizes_various_formats_to_same_e164" time="0.772" /><testcase classname="tests.test_otp_auth.TestOtpVerify" name="test_reuse_of_same_code_returns_401" time="1.857" /><testcase classname="tests.test_otp_auth.TestOtpRequestValidation" name="test_success_logs_mock_otp_to_stderr" time="0.825" /><testcase classname="tests.test_otp_auth.TestProfileComplete" name="test_profile_no_auth_returns_401" time="0.100" /><testcase classname="tests.test_otp_auth.TestProfileComplete" name="test_client_profile_success" time="1.921" /><testcase classname="tests.test_otp_auth.TestOtpVerify" name="test_expired_challenge_returns_401" time="1.315" /><testcase classname="tests.test_otp_auth.TestProfileComplete" name="test_provider_profile_requires_category" time="1.694" /><testcase classname="tests.test_otp_auth.TestOtpVerify" name="test_code_stored_as_bcrypt_hash_no_plaintext" time="0.921" /><testcase classname="tests.test_otp_auth.TestOtpVerify" name="test_existing_user_role_not_overwritten" time="3.364" /><testcase classname="tests.test_otp_auth.TestProfileComplete" name="test_jwt_from_otp_accepted_by_me" time="1.918" /><testcase classname="tests.test_account_lifecycle.TestClientLifecycle" name="test_01_deactivate_reactivate_client" time="0.458" /><testcase classname="tests.test_account_lifecycle.TestClientLifecycle" name="test_02_delete_client_blocks_login" time="0.311" /><testcase classname="tests.test_account_lifecycle.TestClientLifecycle" name="test_03_deleted_client_auth_me_410" time="0.224" /><testcase classname="tests.test_otp_auth.TestOtpRateLimits" name="test_second_request_within_30s_returns_429" time="0.649" /><testcase classname="tests.test_otp_auth.TestRegression" name="test_password_login_still_works" time="0.544" /><testcase classname="tests.test_otp_auth.TestRegression" name="test_providers_list" time="0.097" /><testcase classname="tests.test_otp_auth.TestRegression" name="test_categories_list" time="0.104" /><testcase classname="tests.test_otp_auth.TestOtpRateLimits" name="test_sixth_request_within_hour_returns_429" time="0.099" /></testsuite></testsuites>