<?xml version="1.0" encoding="utf-8"?><testsuites name="pytest tests"><testsuite name="pytest" errors="0" failures="0" skipped="0" tests="5" time="1.344" timestamp="2026-08-02T23:16:10.621967+00:00" hostname="agent-env-e7769096-a50f-42ce-8b08-864ada4d0584"><testcase classname="tests.test_category_split" name="test_categories_endpoint_split" time="0.249" /><testcase classname="tests.test_category_split" name="test_providers_admin_consulting" time="0.059" /><testcase classname="tests.test_category_split" name="test_providers_education" time="0.052" /><testcase classname="tests.test_category_split" name="test_providers_legacy_admin_education_empty" time="0.092" /><testcase classname="tests.test_category_split" name="test_mongo_no_admin_education_rows" time="0.079" /></testsuite></testsuites>