<?xml version="1.0" encoding="utf-8"?><testsuites name="pytest tests"><testsuite name="pytest" errors="0" failures="0" skipped="0" tests="35" time="2.468" timestamp="2026-08-05T17:58:14.041121+00:00" hostname="agent-env-e7769096-a50f-42ce-8b08-864ada4d0584"><testcase classname="tests.test_iter16_admin_hub.TestAuthGuards" name="test_admin_stats_requires_auth" time="0.005" /><testcase classname="tests.test_iter16_admin_hub.TestAdminUsers" name="test_search_users_default" time="0.457" /><testcase classname="tests.test_iter16_admin_hub.TestAuthGuards" name="test_admin_stats_forbidden_for_non_admin" time="0.451" /><testcase classname="tests.test_iter16_admin_hub.TestAuthGuards" name="test_admin_users_forbidden_for_non_admin" time="0.003" /><testcase classname="tests.test_iter16_admin_hub.TestAdminUsers" name="test_search_users_by_role" time="0.006" /><testcase classname="tests.test_iter16_admin_hub.TestAuthGuards" name="test_admin_categories_forbidden_for_non_admin" time="0.003" /><testcase classname="tests.test_iter16_admin_hub.TestAdminUsers" name="test_search_users_by_q" time="0.004" /><testcase classname="tests.test_iter16_admin_hub.TestAuthGuards" name="test_admin_ads_forbidden_for_non_admin" time="0.002" /><testcase classname="tests.test_iter16_admin_hub.TestCSVExports" name="test_export_users" time="0.232" /><testcase classname="tests.test_iter16_admin_hub.TestAdminUsers" name="test_admin_cannot_deactivate_self" time="0.231" /><testcase classname="tests.test_iter16_admin_hub.TestAdminUsers" name="test_admin_cannot_delete_self" time="0.003" /><testcase classname="tests.test_iter16_admin_hub.TestCSVExports" name="test_export_providers" time="0.004" /><testcase classname="tests.test_iter16_admin_hub.TestAdminUsers" name="test_deactivate_reactivate_flow" time="0.234" /><testcase classname="tests.test_iter16_admin_hub.TestCSVExports" name="test_export_bookings" time="0.225" /><testcase classname="tests.test_iter16_admin_hub.TestCSVExports" name="test_export_unknown_kind" time="0.002" /><testcase classname="tests.test_iter16_admin_hub.TestAdminCategories" name="test_admin_list_categories" time="0.003" /><testcase classname="tests.test_iter16_admin_hub.TestAdminCategories" name="test_create_update_delete_category" time="0.237" /><testcase classname="tests.test_iter16_admin_hub.TestAdminUsers" name="test_force_verify_provider_only" time="0.230" /><testcase classname="tests.test_iter16_admin_hub.TestAdminUsers" name="test_force_verify_unknown_user_404" time="0.003" /><testcase classname="tests.test_iter16_admin_hub.TestAdminUsers" name="test_delete_soft_deletes" time="0.230" /><testcase classname="tests.test_iter16_admin_hub.TestAdminCategories" name="test_delete_category_in_use_blocked" time="0.224" /><testcase classname="tests.test_iter16_admin_hub.TestAdminCategories" name="test_reorder_categories" time="0.021" /><testcase classname="tests.test_iter16_admin_hub.TestAdminBookings" name="test_admin_bookings_returns_list" time="0.009" /><testcase classname="tests.test_iter16_admin_hub.TestAdminBookings" name="test_admin_bookings_status_filter" time="0.003" /><testcase classname="tests.test_iter16_admin_hub.TestAdminBookings" name="test_admin_revenue" time="0.004" /><testcase classname="tests.test_iter16_admin_hub.TestCategories" name="test_categories_return_tri_language" time="0.003" /><testcase classname="tests.test_iter16_admin_hub.TestAds" name="test_public_ads_no_auth" time="0.002" /><testcase classname="tests.test_iter16_admin_hub.TestCategories" name="test_painting_icon_is_brush" time="0.003" /><testcase classname="tests.test_iter16_admin_hub.TestAds" name="test_admin_ads_crud_full_flow" time="0.021" /><testcase classname="tests.test_iter16_admin_hub.TestAdminBroadcast" name="test_broadcast_wilaya_requires_code" time="0.003" /><testcase classname="tests.test_iter16_admin_hub.TestAdminBroadcast" name="test_broadcast_all_audience_ok" time="0.074" /><testcase classname="tests.test_iter16_admin_hub.TestAds" name="test_admin_ad_patch_unknown_404" time="0.003" /><testcase classname="tests.test_iter16_admin_hub.TestMarketingSite" name="test_site_index_serves_html" time="0.006" /><testcase classname="tests.test_iter16_admin_hub.TestMarketingSite" name="test_site_i18n_js_reachable" time="0.003" /><testcase classname="tests.test_iter16_admin_hub.TestAdminStats" name="test_stats_payload_shape" time="0.008" /></testsuite></testsuites>