<?xml version="1.0" encoding="utf-8"?><testsuites name="pytest tests"><testsuite name="pytest" errors="0" failures="0" skipped="0" tests="19" time="11.390" timestamp="2026-08-02T21:51:15.874549+00:00" hostname="agent-env-e7769096-a50f-42ce-8b08-864ada4d0584"><testcase classname="tests.test_otp_auth.TestOtpVerify" name="test_wrong_code_returns_401" time="1.520" /><testcase classname="tests.test_otp_auth.TestOtpRequestValidation" name="test_short_phone_returns_422" time="0.445" /><testcase classname="tests.test_otp_auth.TestOtpRequestValidation" name="test_non_algerian_returns_400" time="0.091" /><testcase classname="tests.test_otp_auth.TestOtpRequestValidation" name="test_normalizes_various_formats_to_same_e164" time="0.409" /><testcase classname="tests.test_otp_auth.TestOtpRequestValidation" name="test_success_logs_mock_otp_to_stderr" time="1.075" /><testcase classname="tests.test_otp_auth.TestOtpVerify" name="test_correct_code_new_client_returns_new_user_true" time="1.467" /><testcase classname="tests.test_otp_auth.TestProfileComplete" name="test_profile_no_auth_returns_401" time="0.100" /><testcase classname="tests.test_otp_auth.TestProfileComplete" name="test_client_profile_success" time="1.943" /><testcase classname="tests.test_otp_auth.TestOtpVerify" name="test_reuse_of_same_code_returns_401" time="1.945" /><testcase classname="tests.test_otp_auth.TestProfileComplete" name="test_provider_profile_requires_category" time="1.855" /><testcase classname="tests.test_otp_auth.TestOtpVerify" name="test_expired_challenge_returns_401" time="1.060" /><testcase classname="tests.test_otp_auth.TestProfileComplete" name="test_jwt_from_otp_accepted_by_me" time="1.729" /><testcase classname="tests.test_otp_auth.TestOtpVerify" name="test_code_stored_as_bcrypt_hash_no_plaintext" time="1.118" /><testcase classname="tests.test_otp_auth.TestOtpVerify" name="test_existing_user_role_not_overwritten" time="2.949" /><testcase classname="tests.test_otp_auth.TestRegression" name="test_password_login_still_works" time="0.315" /><testcase classname="tests.test_otp_auth.TestRegression" name="test_providers_list" time="0.110" /><testcase classname="tests.test_otp_auth.TestRegression" name="test_categories_list" time="0.104" /><testcase classname="tests.test_otp_auth.TestOtpRateLimits" name="test_second_request_within_30s_returns_429" time="0.444" /><testcase classname="tests.test_otp_auth.TestOtpRateLimits" name="test_sixth_request_within_hour_returns_429" time="0.099" /></testsuite></testsuites>